<?xml version="1.0" encoding="UTF-8"?>
<!-- Generated by org.testng.reporters.JUnitXMLReporter -->
<testsuite hostname="Prasad.local" failures="0" tests="6" name="Test1" time="47.797" errors="0" timestamp="25 Apr 2020 11:14:28 GMT">
  <testcase classname="com.hopscotch.tests.Login" name="emailLoginWithValidCredentials" time="2.615"/>
  <testcase classname="com.hopscotch.tests.Login" name="emailLoginWithInvalidPassword" time="1.927"/>
  <testcase classname="com.hopscotch.tests.Login" name="emailLoginWithInvalidUsername" time="1.852"/>
  <testcase classname="com.hopscotch.tests.Login" name="mobLoginWithValidCredentials" time="2.427"/>
  <testcase classname="com.hopscotch.tests.Login" name="mobLoginWithInvalidPassword" time="1.654"/>
  <testcase classname="com.hopscotch.tests.Login" name="mobLoginWithInvalidMobile" time="1.69"/>
</testsuite> <!-- Test1 -->
