<?xml version="1.0" encoding="UTF-8"?>
<!-- Generated by org.testng.reporters.JUnitXMLReporter -->
<testsuite ignored="0" hostname="Prasad.local" failures="0" tests="6" name="Test1" time="0.09" errors="0" timestamp="2020-05-08T19:06:30 IST">
  <testcase classname="com.hopscotch.tests.Login" name="@BeforeClass startTest" time="0.016">
    <failure type="java.lang.NoClassDefFoundError" message="com/relevantcodes/extentreports/ExtentReports">
      <![CDATA[java.lang.NoClassDefFoundError: com/relevantcodes/extentreports/ExtentReports
at com.hopscotch.tests.Login.startTest(Login.java:35)
at java.base/java.util.ArrayList.forEach(ArrayList.java:1540)
Caused by: java.lang.ClassNotFoundException: com.relevantcodes.extentreports.ExtentReports
at java.base/jdk.internal.loader.BuiltinClassLoader.loadClass(BuiltinClassLoader.java:581)
at java.base/jdk.internal.loader.ClassLoaders$AppClassLoader.loadClass(ClassLoaders.java:178)
at java.base/java.lang.ClassLoader.loadClass(ClassLoader.java:521)
... 31 more
... Removed 29 stack frames]]>
    </failure>
  </testcase> <!-- @BeforeClass startTest -->
  <testcase classname="com.hopscotch.tests.Login" name="@BeforeMethod launchWebsite" time="-1.588944985426E9">
    <skipped/>
  </testcase> <!-- @BeforeMethod launchWebsite -->
  <testcase classname="com.hopscotch.tests.Login" name="@BeforeMethod launchWebsite" time="-1.588944985431E9">
    <skipped/>
  </testcase> <!-- @BeforeMethod launchWebsite -->
  <testcase classname="com.hopscotch.tests.Login" name="@BeforeMethod launchWebsite" time="-1.588944985432E9">
    <skipped/>
  </testcase> <!-- @BeforeMethod launchWebsite -->
  <testcase classname="com.hopscotch.tests.Login" name="@BeforeMethod launchWebsite" time="-1.588944985434E9">
    <skipped/>
  </testcase> <!-- @BeforeMethod launchWebsite -->
  <testcase classname="com.hopscotch.tests.Login" name="@BeforeMethod launchWebsite" time="-1.588944985435E9">
    <skipped/>
  </testcase> <!-- @BeforeMethod launchWebsite -->
  <testcase classname="com.hopscotch.tests.Login" name="@BeforeMethod launchWebsite" time="-1.588944985437E9">
    <skipped/>
  </testcase> <!-- @BeforeMethod launchWebsite -->
  <testcase classname="com.hopscotch.tests.Login" name="@AfterClass endTest" time="-1.588944985439E9">
    <skipped/>
  </testcase> <!-- @AfterClass endTest -->
  <testcase classname="com.hopscotch.tests.Login" name="emailLoginWithValidCredentials" time="0.0">
    <skipped/>
  </testcase> <!-- emailLoginWithValidCredentials -->
  <testcase classname="com.hopscotch.tests.Login" name="emailLoginWithInvalidPassword" time="0.0">
    <skipped/>
  </testcase> <!-- emailLoginWithInvalidPassword -->
  <testcase classname="com.hopscotch.tests.Login" name="emailLoginWithInvalidUsername" time="0.0">
    <skipped/>
  </testcase> <!-- emailLoginWithInvalidUsername -->
  <testcase classname="com.hopscotch.tests.Login" name="mobLoginWithValidCredentials" time="0.0">
    <skipped/>
  </testcase> <!-- mobLoginWithValidCredentials -->
  <testcase classname="com.hopscotch.tests.Login" name="mobLoginWithInvalidPassword" time="0.0">
    <skipped/>
  </testcase> <!-- mobLoginWithInvalidPassword -->
  <testcase classname="com.hopscotch.tests.Login" name="mobLoginWithInvalidMobile" time="0.0">
    <skipped/>
  </testcase> <!-- mobLoginWithInvalidMobile -->
</testsuite> <!-- Test1 -->
