-------------------------------------------------------------------------------
Test set: TestSuite
-------------------------------------------------------------------------------
Tests run: 14, Failures: 1, Errors: 0, Skipped: 13, Time elapsed: 5.948 s <<< FAILURE! - in TestSuite
com.hopscotch.tests.Login.startTest  Time elapsed: 0.642 s  <<< FAILURE!
java.lang.NoClassDefFoundError: com/relevantcodes/extentreports/ExtentReports
	at com.hopscotch.tests.Login.startTest(Login.java:35)
Caused by: java.lang.ClassNotFoundException: com.relevantcodes.extentreports.ExtentReports
	at com.hopscotch.tests.Login.startTest(Login.java:35)

